# JRE version: Java(TM) SE Runtime Environment (8.0_73-b02) (build 1.8.0_73-b02)
# Java VM: Java HotSpot(TM) 64-Bit Server VM (25.73-b02 mixed mode windows-amd64 compressed oops)
Heap:
 PSYoungGen      total 312320K, used 232608K [0x00000000e0000000, 0x00000000f6a80000, 0x0000000100000000)
  eden space 273920K, 84% used [0x00000000e0000000,0x00000000ee3281a8,0x00000000f0b80000)
  from space 38400K, 0% used [0x00000000f3680000,0x00000000f3680000,0x00000000f5c00000)
  to   space 44032K, 0% used [0x00000000f0b80000,0x00000000f0b80000,0x00000000f3680000)
 ParOldGen       total 168448K, used 73350K [0x00000000a0000000, 0x00000000aa480000, 0x00000000e0000000)
  object space 168448K, 43% used [0x00000000a0000000,0x00000000a47a1a88,0x00000000aa480000)
 Metaspace       used 68956K, capacity 70934K, committed 73088K, reserved 1112064K
  class space    used 8952K, capacity 9275K, committed 9856K, reserved 1048576K
GC Heap History (10 events):
Event: 3712.273 GC heap before
{Heap before GC invocations=35 (full 6):
 PSYoungGen      total 312320K, used 310475K [0x00000000e0000000, 0x00000000f6a80000, 0x0000000100000000)
  eden space 273920K, 100% used [0x00000000e0000000,0x00000000f0b80000,0x00000000f0b80000)
  from space 38400K, 95% used [0x00000000f3680000,0x00000000f5a32f78,0x00000000f5c00000)
  to   space 44032K, 0% used [0x00000000f0b80000,0x00000000f0b80000,0x00000000f3680000)
 ParOldGen       total 164864K, used 101901K [0x00000000a0000000, 0x00000000aa100000, 0x00000000e0000000)
  object space 164864K, 61% used [0x00000000a0000000,0x00000000a6383720,0x00000000aa100000)
 Metaspace       used 69446K, capacity 72198K, committed 72832K, reserved 1112064K
  class space    used 9149K, capacity 9678K, committed 9856K, reserved 1048576K
Event: 3712.498 GC heap after
Heap after GC invocations=35 (full 6):
 PSYoungGen      total 317952K, used 39544K [0x00000000e0000000, 0x00000000f6a80000, 0x0000000100000000)
  eden space 273920K, 0% used [0x00000000e0000000,0x00000000e0000000,0x00000000f0b80000)
  from space 44032K, 89% used [0x00000000f0b80000,0x00000000f321e398,0x00000000f3680000)
  to   space 38400K, 0% used [0x00000000f3680000,0x00000000f3680000,0x00000000f5c00000)
 ParOldGen       total 164864K, used 132830K [0x00000000a0000000, 0x00000000aa100000, 0x00000000e0000000)
  object space 164864K, 80% used [0x00000000a0000000,0x00000000a81b7bb8,0x00000000aa100000)
 Metaspace       used 69446K, capacity 72198K, committed 72832K, reserved 1112064K
  class space    used 9149K, capacity 9678K, committed 9856K, reserved 1048576K
}
Event: 3714.324 GC heap before
{Heap before GC invocations=36 (full 6):
 PSYoungGen      total 317952K, used 313464K [0x00000000e0000000, 0x00000000f6a80000, 0x0000000100000000)
  eden space 273920K, 100% used [0x00000000e0000000,0x00000000f0b80000,0x00000000f0b80000)
  from space 44032K, 89% used [0x00000000f0b80000,0x00000000f321e398,0x00000000f3680000)
  to   space 38400K, 0% used [0x00000000f3680000,0x00000000f3680000,0x00000000f5c00000)
 ParOldGen       total 164864K, used 132830K [0x00000000a0000000, 0x00000000aa100000, 0x00000000e0000000)
  object space 164864K, 80% used [0x00000000a0000000,0x00000000a81b7bb8,0x00000000aa100000)
 Metaspace       used 69467K, capacity 72198K, committed 72832K, reserved 1112064K
  class space    used 9149K, capacity 9678K, committed 9856K, reserved 1048576K
Event: 3714.438 GC heap after
Heap after GC invocations=36 (full 6):
 PSYoungGen      total 312320K, used 38394K [0x00000000e0000000, 0x00000000f6a80000, 0x0000000100000000)
  eden space 273920K, 0% used [0x00000000e0000000,0x00000000e0000000,0x00000000f0b80000)
  from space 38400K, 99% used [0x00000000f3680000,0x00000000f5bfea80,0x00000000f5c00000)
  to   space 44032K, 0% used [0x00000000f0b80000,0x00000000f0b80000,0x00000000f3680000)
 ParOldGen       total 168448K, used 168369K [0x00000000a0000000, 0x00000000aa480000, 0x00000000e0000000)
  object space 168448K, 99% used [0x00000000a0000000,0x00000000aa46c600,0x00000000aa480000)
 Metaspace       used 69467K, capacity 72198K, committed 72832K, reserved 1112064K
  class space    used 9149K, capacity 9678K, committed 9856K, reserved 1048576K
}
Event: 3714.438 GC heap before
{Heap before GC invocations=37 (full 7):
 PSYoungGen      total 312320K, used 38394K [0x00000000e0000000, 0x00000000f6a80000, 0x0000000100000000)
  eden space 273920K, 0% used [0x00000000e0000000,0x00000000e0000000,0x00000000f0b80000)
  from space 38400K, 99% used [0x00000000f3680000,0x00000000f5bfea80,0x00000000f5c00000)
  to   space 44032K, 0% used [0x00000000f0b80000,0x00000000f0b80000,0x00000000f3680000)
 ParOldGen       total 168448K, used 168369K [0x00000000a0000000, 0x00000000aa480000, 0x00000000e0000000)
  object space 168448K, 99% used [0x00000000a0000000,0x00000000aa46c600,0x00000000aa480000)
 Metaspace       used 69467K, capacity 72198K, committed 72832K, reserved 1112064K
  class space    used 9149K, capacity 9678K, committed 9856K, reserved 1048576K
Event: 3715.702 GC heap after
Heap after GC invocations=37 (full 7):
 PSYoungGen      total 312320K, used 0K [0x00000000e0000000, 0x00000000f6a80000, 0x0000000100000000)
  eden space 273920K, 0% used [0x00000000e0000000,0x00000000e0000000,0x00000000f0b80000)
  from space 38400K, 0% used [0x00000000f3680000,0x00000000f3680000,0x00000000f5c00000)
  to   space 44032K, 0% used [0x00000000f0b80000,0x00000000f0b80000,0x00000000f3680000)
 ParOldGen       total 168448K, used 153636K [0x00000000a0000000, 0x00000000aa480000, 0x00000000e0000000)
  object space 168448K, 91% used [0x00000000a0000000,0x00000000a9609280,0x00000000aa480000)
 Metaspace       used 69467K, capacity 72198K, committed 72832K, reserved 1112064K
  class space    used 9149K, capacity 9678K, committed 9856K, reserved 1048576K
}
Event: 3716.526 GC heap before
{Heap before GC invocations=38 (full 8):
 PSYoungGen      total 312320K, used 273920K [0x00000000e0000000, 0x00000000f6a80000, 0x0000000100000000)
  eden space 273920K, 100% used [0x00000000e0000000,0x00000000f0b80000,0x00000000f0b80000)
  from space 38400K, 0% used [0x00000000f3680000,0x00000000f3680000,0x00000000f5c00000)
  to   space 44032K, 0% used [0x00000000f0b80000,0x00000000f0b80000,0x00000000f3680000)
 ParOldGen       total 168448K, used 153636K [0x00000000a0000000, 0x00000000aa480000, 0x00000000e0000000)
  object space 168448K, 91% used [0x00000000a0000000,0x00000000a9609280,0x00000000aa480000)
 Metaspace       used 69484K, capacity 72262K, committed 72832K, reserved 1112064K
  class space    used 9149K, capacity 9678K, committed 9856K, reserved 1048576K
Event: 3717.987 GC heap after
Heap after GC invocations=38 (full 8):
 PSYoungGen      total 312320K, used 19373K [0x00000000e0000000, 0x00000000f6a80000, 0x0000000100000000)
  eden space 273920K, 7% used [0x00000000e0000000,0x00000000e12eb700,0x00000000f0b80000)
  from space 38400K, 0% used [0x00000000f3680000,0x00000000f3680000,0x00000000f5c00000)
  to   space 44032K, 0% used [0x00000000f0b80000,0x00000000f0b80000,0x00000000f3680000)
 ParOldGen       total 168448K, used 168447K [0x00000000a0000000, 0x00000000aa480000, 0x00000000e0000000)
  object space 168448K, 99% used [0x00000000a0000000,0x00000000aa47fc88,0x00000000aa480000)
 Metaspace       used 69484K, capacity 72262K, committed 72832K, reserved 1112064K
  class space    used 9149K, capacity 9678K, committed 9856K, reserved 1048576K
}
Event: 3720.215 GC heap before
{Heap before GC invocations=39 (full 9):
 PSYoungGen      total 312320K, used 273789K [0x00000000e0000000, 0x00000000f6a80000, 0x0000000100000000)
  eden space 273920K, 99% used [0x00000000e0000000,0x00000000f0b5f6f8,0x00000000f0b80000)
  from space 38400K, 0% used [0x00000000f3680000,0x00000000f3680000,0x00000000f5c00000)
  to   space 44032K, 0% used [0x00000000f0b80000,0x00000000f0b80000,0x00000000f3680000)
 ParOldGen       total 168448K, used 168447K [0x00000000a0000000, 0x00000000aa480000, 0x00000000e0000000)
  object space 168448K, 99% used [0x00000000a0000000,0x00000000aa47fc88,0x00000000aa480000)
 Metaspace       used 69895K, capacity 72694K, committed 73088K, reserved 1112064K
  class space    used 9193K, capacity 9754K, committed 9856K, reserved 1048576K
Event: 3720.693 GC heap after
Heap after GC invocations=39 (full 9):
 PSYoungGen      total 312320K, used 0K [0x00000000e0000000, 0x00000000f6a80000, 0x0000000100000000)
  eden space 273920K, 0% used [0x00000000e0000000,0x00000000e0000000,0x00000000f0b80000)
  from space 38400K, 0% used [0x00000000f3680000,0x00000000f3680000,0x00000000f5c00000)
  to   space 44032K, 0% used [0x00000000f0b80000,0x00000000f0b80000,0x00000000f3680000)
 ParOldGen       total 168448K, used 73350K [0x00000000a0000000, 0x00000000aa480000, 0x00000000e0000000)
  object space 168448K, 43% used [0x00000000a0000000,0x00000000a47a1a88,0x00000000aa480000)
 Metaspace       used 68040K, capacity 70096K, committed 73088K, reserved 1112064K
  class space    used 8814K, capacity 9172K, committed 9856K, reserved 1048576K
}

